<?xml version="1.0" encoding="UTF-8"?>
<testng-results ignored="0" total="1" passed="1" failed="0" skipped="0">
  <reporter-output>
  </reporter-output>
  <suite started-at="2023-08-19T23:36:34 EDT" name="Default suite" finished-at="2023-08-19T23:36:55 EDT" duration-ms="20864">
    <groups>
      <group name="cucumber">
        <method signature="AbstractTestNGCucumberTests.feature(cucumber.api.testng.CucumberFeatureWrapper)[pri:0, instance:testRunnerProject8.TestRunnerProject8@231f98ef]" name="feature" class="cucumber.api.testng.AbstractTestNGCucumberTests"/>
      </group> <!-- cucumber -->
    </groups>
    <test started-at="2023-08-19T23:36:34 EDT" name="Default test" finished-at="2023-08-19T23:36:55 EDT" duration-ms="20864">
      <class name="testRunnerProject8.TestRunnerProject8">
        <test-method is-config="true" signature="project8setup()[pri:0, instance:testRunnerProject8.TestRunnerProject8@231f98ef]" started-at="2023-08-19T23:36:34 EDT" name="project8setup" finished-at="2023-08-19T23:36:49 EDT" duration-ms="15028" status="PASS">
          <reporter-output>
          </reporter-output>
        </test-method> <!-- project8setup -->
        <test-method is-config="true" signature="setUpClass()[pri:0, instance:testRunnerProject8.TestRunnerProject8@231f98ef]" started-at="2023-08-19T23:36:50 EDT" name="setUpClass" finished-at="2023-08-19T23:36:50 EDT" duration-ms="361" status="PASS">
          <reporter-output>
          </reporter-output>
        </test-method> <!-- setUpClass -->
        <test-method signature="feature(cucumber.api.testng.CucumberFeatureWrapper)[pri:0, instance:testRunnerProject8.TestRunnerProject8@231f98ef]" started-at="2023-08-19T23:36:50 EDT" name="feature" description="Runs Cucumber Feature" data-provider="features" finished-at="2023-08-19T23:36:55 EDT" duration-ms="5150" status="PASS">
          <params>
            <param index="0">
              <value>
                <![CDATA[This feature is for signup functionality]]>
              </value>
            </param>
          </params>
          <reporter-output>
          </reporter-output>
        </test-method> <!-- feature -->
        <test-method is-config="true" signature="tearDownClass()[pri:0, instance:testRunnerProject8.TestRunnerProject8@231f98ef]" started-at="2023-08-19T23:36:55 EDT" name="tearDownClass" finished-at="2023-08-19T23:36:55 EDT" duration-ms="53" status="PASS">
          <reporter-output>
          </reporter-output>
        </test-method> <!-- tearDownClass -->
        <test-method is-config="true" signature="project8ClosureURL()[pri:0, instance:testRunnerProject8.TestRunnerProject8@231f98ef]" started-at="2023-08-19T23:36:55 EDT" name="project8ClosureURL" finished-at="2023-08-19T23:36:55 EDT" duration-ms="1" status="PASS">
          <reporter-output>
          </reporter-output>
        </test-method> <!-- project8ClosureURL -->
      </class> <!-- testRunnerProject8.TestRunnerProject8 -->
    </test> <!-- Default test -->
  </suite> <!-- Default suite -->
</testng-results>
